============================================================
  Generated by:           Genus(TM) Synthesis Solution 21.14-s082_1
  Generated on:           Mar 15 2025  05:30:13 pm
  Module:                 Pipelined_Multiplier
  Operating conditions:   fast (balanced_tree)
  Wireload mode:          enclosed
  Area mode:              timing library
============================================================


Path 1: MET (6125 ps) Setup Check with Pin raw_product_reg_reg[47]/CK->D
          Group: clk
     Startpoint: (R) m1_reg_reg[1]/CK
          Clock: (R) clk
       Endpoint: (F) raw_product_reg_reg[47]/D
          Clock: (R) clk

                     Capture       Launch     
        Clock Edge:+   10000            0     
       Src Latency:+       0            0     
       Net Latency:+       0 (I)        0 (I) 
           Arrival:=   10000            0     
                                              
             Setup:-      93                  
     Required Time:=    9907                  
      Launch Clock:-       0                  
         Data Path:-    3782                  
             Slack:=    6125                  

#--------------------------------------------------------------------------------------------------------------------
#               Timing Point                 Flags    Arc   Edge   Cell     Fanout Load Trans Delay Arrival Instance 
#                                                                                  (fF)  (ps)  (ps)   (ps)  Location 
#--------------------------------------------------------------------------------------------------------------------
  m1_reg_reg[1]/CK                           -       -      R     (arrival)    168    -     0     0       0    (-,-) 
  m1_reg_reg[1]/QN                           -       CK->QN R     DFFRX1        16 42.5   120   193     193    (-,-) 
  BoothMult_mul_178_24_g9526/Y               -       B->Y   F     NOR2XL         2  8.0    57    32     225    (-,-) 
  BoothMult_mul_178_24_g9263__6417/CO        -       CI->CO F     ADDFX1         1  5.1    28    78     303    (-,-) 
  BoothMult_mul_178_24_g9218__7098/CO        -       CI->CO F     ADDFX1         1  5.1    27    70     372    (-,-) 
  BoothMult_mul_178_24_g9178__6260/CO        -       CI->CO F     ADDFX1         1  5.1    27    70     442    (-,-) 
  BoothMult_mul_178_24_g9139__6161/CO        -       CI->CO F     ADDFX1         1  5.1    27    70     511    (-,-) 
  BoothMult_mul_178_24_g9121__5107/CO        -       CI->CO F     ADDFX1         1  5.1    27    70     581    (-,-) 
  BoothMult_mul_178_24_g9103__5122/CO        -       CI->CO F     ADDFX1         1  5.1    27    70     650    (-,-) 
  BoothMult_mul_178_24_g9079__5115/CO        -       CI->CO F     ADDFX1         1  5.1    27    70     720    (-,-) 
  BoothMult_mul_178_24_g9059__1666/CO        -       CI->CO F     ADDFX1         1  5.1    27    70     789    (-,-) 
  BoothMult_mul_178_24_g9037__4319/CO        -       CI->CO F     ADDFX1         1  5.1    27    69     858    (-,-) 
  BoothMult_mul_178_24_g9011__5526/CO        -       CI->CO F     ADDFX1         1  5.1    27    70     928    (-,-) 
  BoothMult_mul_178_24_g8988__1705/CO        -       CI->CO F     ADDFX1         1  5.1    28    69     997    (-,-) 
  BoothMult_mul_178_24_g8965__5115/CO        -       CI->CO F     ADDFX1         1  5.1    27    70    1067    (-,-) 
  BoothMult_mul_178_24_g8947__6417/CO        -       CI->CO F     ADDFX1         1  5.1    27    70    1136    (-,-) 
  BoothMult_mul_178_24_g8928__1617/CO        -       CI->CO F     ADDFX1         1  5.1    27    70    1206    (-,-) 
  BoothMult_mul_178_24_g8910__4733/CO        -       CI->CO F     ADDFX1         1  5.1    27    70    1276    (-,-) 
  BoothMult_mul_178_24_g8893__5107/CO        -       CI->CO F     ADDFX1         1  5.1    27    70    1345    (-,-) 
  BoothMult_mul_178_24_g8875__8246/CO        -       CI->CO F     ADDFX1         1  5.1    27    70    1414    (-,-) 
  BoothMult_mul_178_24_g8858__2346/CO        -       CI->CO F     ADDFX1         1  5.1    27    70    1484    (-,-) 
  BoothMult_mul_178_24_g8839__8428/CO        -       CI->CO F     ADDFX1         1  5.1    27    70    1554    (-,-) 
  BoothMult_mul_178_24_g8820__7098/CO        -       CI->CO F     ADDFX1         1  5.1    28    69    1623    (-,-) 
  BoothMult_mul_178_24_g8800__2883/CO        -       CI->CO F     ADDFX1         1  5.1    27    70    1692    (-,-) 
  BoothMult_mul_178_24_g8777__5477/CO        -       CI->CO F     ADDFX1         2  4.6    26    68    1761    (-,-) 
  BoothMult_mul_178_24_g8774__7410/Y         -       A->Y   R     NAND2XL        9 26.2   137   107    1868    (-,-) 
  BoothMult_mul_178_24_g8768__6161/Y         -       B0->Y  F     OAI21X1        8 13.6    73    54    1922    (-,-) 
  BoothMult_mul_178_24_g8753__8428/Y         -       B1->Y  R     OAI222XL       1  3.9    85    68    1990    (-,-) 
  BoothMult_mul_178_24_g8723__6260/Y         -       S0->Y  R     MXI2XL         1  5.1    71    59    2049    (-,-) 
  BoothMult_mul_178_24_cdnfadd_024_6__9945/S -       CI->S  F     ADDFXL         1  7.0    37    95    2144    (-,-) 
  BoothMult_mul_178_24_g8692__4319/CO        -       A->CO  F     ADDFX1         1  5.1    27    74    2218    (-,-) 
  BoothMult_mul_178_24_g8691__6260/CO        -       CI->CO F     ADDFX1         1  5.1    27    69    2288    (-,-) 
  BoothMult_mul_178_24_g8690__5107/CO        -       CI->CO F     ADDFX1         1  5.1    27    69    2357    (-,-) 
  BoothMult_mul_178_24_g8689__2398/CO        -       CI->CO F     ADDFX1         1  5.1    27    69    2426    (-,-) 
  BoothMult_mul_178_24_g8688__5477/CO        -       CI->CO F     ADDFX1         1  5.1    27    69    2496    (-,-) 
  BoothMult_mul_178_24_g8687__6417/CO        -       CI->CO F     ADDFX1         1  5.1    27    69    2565    (-,-) 
  BoothMult_mul_178_24_g8686__7410/CO        -       CI->CO F     ADDFX1         1  5.1    27    69    2635    (-,-) 
  BoothMult_mul_178_24_g8685__1666/CO        -       CI->CO F     ADDFX1         1  5.1    27    69    2704    (-,-) 
  BoothMult_mul_178_24_g8684__2346/CO        -       CI->CO F     ADDFX1         1  5.1    27    69    2774    (-,-) 
  BoothMult_mul_178_24_g8683__2883/CO        -       CI->CO F     ADDFX1         1  5.1    27    69    2843    (-,-) 
  BoothMult_mul_178_24_g8682__9945/CO        -       CI->CO F     ADDFX1         1  5.1    27    69    2912    (-,-) 
  BoothMult_mul_178_24_g8681__9315/CO        -       CI->CO F     ADDFX1         1  5.1    27    69    2982    (-,-) 
  BoothMult_mul_178_24_g8680__6161/CO        -       CI->CO F     ADDFX1         1  5.1    27    69    3051    (-,-) 
  BoothMult_mul_178_24_g8679__4733/CO        -       CI->CO F     ADDFX1         1  5.1    27    69    3120    (-,-) 
  BoothMult_mul_178_24_g8678__7482/CO        -       CI->CO F     ADDFX1         1  5.1    27    69    3190    (-,-) 
  BoothMult_mul_178_24_g8677__5115/CO        -       CI->CO F     ADDFX1         1  5.1    27    69    3259    (-,-) 
  BoothMult_mul_178_24_g8676__1881/CO        -       CI->CO F     ADDFX1         1  5.1    27    69    3329    (-,-) 
  BoothMult_mul_178_24_g8675__6131/CO        -       CI->CO F     ADDFX1         1  5.1    27    69    3398    (-,-) 
  BoothMult_mul_178_24_g8674__7098/CO        -       CI->CO F     ADDFX1         1  5.1    27    69    3468    (-,-) 
  BoothMult_mul_178_24_g8673__8246/CO        -       CI->CO F     ADDFX1         1  5.1    27    69    3537    (-,-) 
  BoothMult_mul_178_24_g8672__5122/CO        -       CI->CO F     ADDFX1         1  5.1    27    69    3606    (-,-) 
  BoothMult_mul_178_24_g8671__1705/CO        -       CI->CO F     ADDFX1         1  5.1    27    69    3676    (-,-) 
  BoothMult_mul_178_24_g8670__2802/CO        -       CI->CO F     ADDFXL         2  3.5    27    64    3740    (-,-) 
  BoothMult_mul_178_24_g8669__1617/Y         -       A->Y   R     NAND2XL        1  1.8    18    21    3761    (-,-) 
  BoothMult_mul_178_24_g8668__3680/Y         -       B0->Y  F     OAI21XL        1  2.5    22    21    3782    (-,-) 
  raw_product_reg_reg[47]/D                  <<<     -      F     DFFRHQX1       1    -     -     0    3782    (-,-) 
#--------------------------------------------------------------------------------------------------------------------

